<?xml version="1.0" encoding="UTF-8"?>
<!-- Generated by org.testng.reporters.JUnitReportReporter -->
<testsuite hostname="UmeraNilofer" failures="0" tests="2" name="com.service.CarTest" time="0.008" errors="0" timestamp="2024-02-10T12:26:25 IST" skipped="0">
  <testcase classname="com.service.CarTest" name="mileageTest" time="0.002"/>
  <system-out/>
  <testcase classname="com.service.CarTest" name="speedTest" time="0.006"/>
  <system-out/>
</testsuite> <!-- com.service.CarTest -->
