<?xml version="1.0" encoding="UTF-8"?>
<!-- Generated by org.testng.reporters.JUnitReportReporter -->
<testsuite hostname="UmeraNilofer" failures="0" tests="1" name="com.service.OperationServiceTest" time="0.005" errors="0" timestamp="2024-02-10T14:56:17 IST" skipped="0">
  <testcase classname="com.service.OperationServiceTest" name="subTest" time="0.005"/>
  <system-out/>
</testsuite> <!-- com.service.OperationServiceTest -->
