<?xml version="1.0" encoding="UTF-8"?>
<!-- Generated by org.testng.reporters.JUnitReportReporter -->
<testsuite hostname="UmeraNilofer" failures="0" tests="1" name="com.service.LoginServiceTest" time="0.019" errors="0" timestamp="2024-02-10T14:56:17 IST" skipped="0">
  <testcase classname="com.service.LoginServiceTest" name="signUpTest" time="0.019"/>
  <system-out/>
</testsuite> <!-- com.service.LoginServiceTest -->
