<?xml version="1.0" encoding="UTF-8"?>
<!-- Generated by org.testng.reporters.JUnitReportReporter -->
<testsuite hostname="UmeraNilofer" failures="0" tests="4" name="com.service.TestPriority" time="0.026" errors="0" timestamp="2024-02-10T12:06:43 IST" skipped="0">
  <testcase classname="com.service.TestPriority" name="bb" time="0.004"/>
  <system-out/>
  <testcase classname="com.service.TestPriority" name="ba" time="0.012"/>
  <system-out/>
  <testcase classname="com.service.TestPriority" name="a" time="0.003"/>
  <system-out/>
  <testcase classname="com.service.TestPriority" name="d" time="0.007"/>
  <system-out/>
</testsuite> <!-- com.service.TestPriority -->
