<?xml version="1.0" encoding="UTF-8"?>
<!-- Generated by org.testng.reporters.JUnitReportReporter -->
<testsuite hostname="UmeraNilofer" failures="0" tests="1" name="com.service.BikeTest" time="0.009" errors="0" timestamp="2024-02-10T12:26:25 IST" skipped="0">
  <testcase classname="com.service.BikeTest" name="speedTest" time="0.009"/>
  <system-out/>
</testsuite> <!-- com.service.BikeTest -->
