<?xml version="1.0" encoding="UTF-8"?>
<!-- Generated by org.testng.reporters.JUnitReportReporter -->
<testsuite hostname="UmeraNilofer" failures="0" tests="4" name="com.login.LoginTesting" time="16.199" errors="0" timestamp="2024-02-12T11:34:47 IST" skipped="0">
  <testcase classname="com.login.LoginTesting" name="emailIdRequiredTest" time="4.215"/>
  <system-out/>
  <testcase classname="com.login.LoginTesting" name="passwordRequiredTest" time="4.297"/>
  <system-out/>
  <testcase classname="com.login.LoginTesting" name="InValidEmailIdAndPasswordTest" time="4.049"/>
  <system-out/>
  <testcase classname="com.login.LoginTesting" name="ValidEmailIdAndPasswordTest" time="3.638"/>
  <system-out/>
</testsuite> <!-- com.login.LoginTesting -->
